<?xml version="1.0" encoding="UTF-8"?>
<testsuite name="HeroTest" tests="1" skipped="0" failures="0" errors="0" timestamp="2020-11-29T18:04:56" hostname="ihogoza-HP-ProBook-450-G1" time="0.003">
  <properties/>
  <testcase name="testIfGetSquadIdAssignEachHeroToItsCorrectSquadId" classname="HeroTest" time="0.003"/>
  <system-out><![CDATA[]]></system-out>
  <system-err><![CDATA[]]></system-err>
</testsuite>
