<?xml version="1.0" encoding="UTF-8"?>
<testsuite name="HeroTest" tests="1" skipped="0" failures="0" errors="0" timestamp="2020-11-29T10:15:22" hostname="ihogoza-HP-ProBook-450-G1" time="0.004">
  <properties/>
  <testcase name="testIfGetIdHaveUniqueInt" classname="HeroTest" time="0.004"/>
  <system-out><![CDATA[]]></system-out>
  <system-err><![CDATA[]]></system-err>
</testsuite>
